<?xml version="1.0" encoding="UTF-8"?>
<testsuite xmlns:xsi="http://www.w3.org/2001/XMLSchema-instance" xsi:noNamespaceSchemaLocation="https://maven.apache.org/surefire/maven-surefire-plugin/xsd/surefire-test-report-3.0.xsd" version="3.0" name="UploadGradeServiceTest" time="0.246" tests="2" errors="0" skipped="0" failures="0">
  <properties>
    <property name="sun.desktop" value="windows"/>
    <property name="awt.toolkit" value="sun.awt.windows.WToolkit"/>
    <property name="java.specification.version" value="11"/>
    <property name="sun.cpu.isalist" value="amd64"/>
    <property name="sun.jnu.encoding" value="GBK"/>
    <property name="java.class.path" value="C:\Users\putao\Desktop\school\target\test-classes;C:\Users\putao\Desktop\school\target\classes;D:\maven\repository\junit\junit\4.12\junit-4.12.jar;D:\maven\repository\org\hamcrest\hamcrest-core\1.3\hamcrest-core-1.3.jar;D:\maven\repository\mysql\mysql-connector-java\8.0.29\mysql-connector-java-8.0.29.jar;D:\maven\repository\com\google\protobuf\protobuf-java\3.19.4\protobuf-java-3.19.4.jar;D:\maven\repository\com\mchange\c3p0\0.9.5.4\c3p0-0.9.5.4.jar;D:\maven\repository\com\mchange\mchange-commons-java\0.2.15\mchange-commons-java-0.2.15.jar;D:\maven\repository\javax\servlet\servlet-api\2.5\servlet-api-2.5.jar;D:\maven\repository\javax\servlet\jsp\jsp-api\2.2\jsp-api-2.2.jar;D:\maven\repository\javax\servlet\jstl\1.2\jstl-1.2.jar;D:\maven\repository\org\mybatis\mybatis\3.5.6\mybatis-3.5.6.jar;D:\maven\repository\org\mybatis\mybatis-spring\2.0.2\mybatis-spring-2.0.2.jar;D:\maven\repository\org\springframework\spring-webmvc\5.2.0.RELEASE\spring-webmvc-5.2.0.RELEASE.jar;D:\maven\repository\org\springframework\spring-aop\5.2.0.RELEASE\spring-aop-5.2.0.RELEASE.jar;D:\maven\repository\org\springframework\spring-beans\5.2.0.RELEASE\spring-beans-5.2.0.RELEASE.jar;D:\maven\repository\org\springframework\spring-context\5.2.0.RELEASE\spring-context-5.2.0.RELEASE.jar;D:\maven\repository\org\springframework\spring-core\5.2.0.RELEASE\spring-core-5.2.0.RELEASE.jar;D:\maven\repository\org\springframework\spring-jcl\5.2.0.RELEASE\spring-jcl-5.2.0.RELEASE.jar;D:\maven\repository\org\springframework\spring-expression\5.2.0.RELEASE\spring-expression-5.2.0.RELEASE.jar;D:\maven\repository\org\springframework\spring-web\5.2.0.RELEASE\spring-web-5.2.0.RELEASE.jar;D:\maven\repository\org\springframework\spring-jdbc\5.2.0.RELEASE\spring-jdbc-5.2.0.RELEASE.jar;D:\maven\repository\org\springframework\spring-tx\5.2.0.RELEASE\spring-tx-5.2.0.RELEASE.jar;D:\maven\repository\org\projectlombok\lombok\1.18.22\lombok-1.18.22.jar;"/>
    <property name="java.vm.vendor" value="Oracle Corporation"/>
    <property name="sun.arch.data.model" value="64"/>
    <property name="user.variant" value=""/>
    <property name="java.vendor.url" value="https://openjdk.java.net/"/>
    <property name="user.timezone" value="Asia/Shanghai"/>
    <property name="java.vm.specification.version" value="11"/>
    <property name="os.name" value="Windows 10"/>
    <property name="sun.java.launcher" value="SUN_STANDARD"/>
    <property name="user.country" value="CN"/>
    <property name="sun.boot.library.path" value="D:\ruanjian\java\JDK11.0\bin"/>
    <property name="sun.java.command" value="C:\Users\putao\AppData\Local\Temp\surefire11598925386028845952\surefirebooter-20230513202320419_3.jar C:\Users\putao\AppData\Local\Temp\surefire11598925386028845952 2023-05-13T20-23-20_273-jvmRun1 surefire-20230513202320419_1tmp surefire_0-20230513202320419_2tmp"/>
    <property name="jdk.debug" value="release"/>
    <property name="surefire.test.class.path" value="C:\Users\putao\Desktop\school\target\test-classes;C:\Users\putao\Desktop\school\target\classes;D:\maven\repository\junit\junit\4.12\junit-4.12.jar;D:\maven\repository\org\hamcrest\hamcrest-core\1.3\hamcrest-core-1.3.jar;D:\maven\repository\mysql\mysql-connector-java\8.0.29\mysql-connector-java-8.0.29.jar;D:\maven\repository\com\google\protobuf\protobuf-java\3.19.4\protobuf-java-3.19.4.jar;D:\maven\repository\com\mchange\c3p0\0.9.5.4\c3p0-0.9.5.4.jar;D:\maven\repository\com\mchange\mchange-commons-java\0.2.15\mchange-commons-java-0.2.15.jar;D:\maven\repository\javax\servlet\servlet-api\2.5\servlet-api-2.5.jar;D:\maven\repository\javax\servlet\jsp\jsp-api\2.2\jsp-api-2.2.jar;D:\maven\repository\javax\servlet\jstl\1.2\jstl-1.2.jar;D:\maven\repository\org\mybatis\mybatis\3.5.6\mybatis-3.5.6.jar;D:\maven\repository\org\mybatis\mybatis-spring\2.0.2\mybatis-spring-2.0.2.jar;D:\maven\repository\org\springframework\spring-webmvc\5.2.0.RELEASE\spring-webmvc-5.2.0.RELEASE.jar;D:\maven\repository\org\springframework\spring-aop\5.2.0.RELEASE\spring-aop-5.2.0.RELEASE.jar;D:\maven\repository\org\springframework\spring-beans\5.2.0.RELEASE\spring-beans-5.2.0.RELEASE.jar;D:\maven\repository\org\springframework\spring-context\5.2.0.RELEASE\spring-context-5.2.0.RELEASE.jar;D:\maven\repository\org\springframework\spring-core\5.2.0.RELEASE\spring-core-5.2.0.RELEASE.jar;D:\maven\repository\org\springframework\spring-jcl\5.2.0.RELEASE\spring-jcl-5.2.0.RELEASE.jar;D:\maven\repository\org\springframework\spring-expression\5.2.0.RELEASE\spring-expression-5.2.0.RELEASE.jar;D:\maven\repository\org\springframework\spring-web\5.2.0.RELEASE\spring-web-5.2.0.RELEASE.jar;D:\maven\repository\org\springframework\spring-jdbc\5.2.0.RELEASE\spring-jdbc-5.2.0.RELEASE.jar;D:\maven\repository\org\springframework\spring-tx\5.2.0.RELEASE\spring-tx-5.2.0.RELEASE.jar;D:\maven\repository\org\projectlombok\lombok\1.18.22\lombok-1.18.22.jar;"/>
    <property name="sun.cpu.endian" value="little"/>
    <property name="user.home" value="C:\Users\putao"/>
    <property name="user.language" value="zh"/>
    <property name="java.specification.vendor" value="Oracle Corporation"/>
    <property name="java.version.date" value="2022-07-19"/>
    <property name="java.home" value="D:\ruanjian\java\JDK11.0"/>
    <property name="file.separator" value="\"/>
    <property name="basedir" value="C:\Users\putao\Desktop\school"/>
    <property name="java.vm.compressedOopsMode" value="Zero based"/>
    <property name="line.separator" value="&#10;"/>
    <property name="java.specification.name" value="Java Platform API Specification"/>
    <property name="java.vm.specification.vendor" value="Oracle Corporation"/>
    <property name="java.awt.graphicsenv" value="sun.awt.Win32GraphicsEnvironment"/>
    <property name="surefire.real.class.path" value="C:\Users\putao\AppData\Local\Temp\surefire11598925386028845952\surefirebooter-20230513202320419_3.jar"/>
    <property name="user.script" value=""/>
    <property name="sun.management.compiler" value="HotSpot 64-Bit Tiered Compilers"/>
    <property name="java.runtime.version" value="11.0.16+11-LTS-199"/>
    <property name="user.name" value="cg107"/>
    <property name="path.separator" value=";"/>
    <property name="os.version" value="10.0"/>
    <property name="java.runtime.name" value="Java(TM) SE Runtime Environment"/>
    <property name="file.encoding" value="GBK"/>
    <property name="java.vm.name" value="Java HotSpot(TM) 64-Bit Server VM"/>
    <property name="java.vendor.version" value="18.9"/>
    <property name="localRepository" value="D:\maven\repository"/>
    <property name="java.vendor.url.bug" value="https://bugreport.java.com/bugreport/"/>
    <property name="java.io.tmpdir" value="C:\Users\putao\AppData\Local\Temp\"/>
    <property name="idea.version" value="2023.1"/>
    <property name="java.version" value="11.0.16"/>
    <property name="user.dir" value="C:\Users\putao\Desktop\school"/>
    <property name="os.arch" value="amd64"/>
    <property name="java.vm.specification.name" value="Java Virtual Machine Specification"/>
    <property name="java.awt.printerjob" value="sun.awt.windows.WPrinterJob"/>
    <property name="sun.os.patch.level" value=""/>
    <property name="java.library.path" value="D:\ruanjian\java\JDK11.0\bin;C:\Windows\Sun\Java\bin;C:\Windows\system32;C:\Windows;C:\Program Files\Common Files\Oracle\Java\javapath;C:\Windows\system32;C:\Windows;C:\Windows\System32\Wbem;C:\Windows\System32\WindowsPowerShell\v1.0\;C:\Windows\System32\OpenSSH\;D:\ruanjian\Bandizip\;D:\ruanjian\mingwan\mingw64\bin;D:\ruanjian\java\JDK11.0\bin;C:\Program Files\MySQL\MySQL Server 8.0\bin;C:\Program Files (x86)\NVIDIA Corporation\PhysX\Common;C:\Program Files\dotnet\;D:\ruanjian\java\JDK11.0\bin;C:\Program Files\NVIDIA Corporation\NVIDIA NvDLISR;D:\ruanjian\apache-maven-3.9.1\bin;C:\Program Files\Git\cmd;D:\ruanjian\TomCat\apache-tomcat-8.5.87\bin;C:\Users\putao\AppData\Local\Microsoft\WindowsApps;D:\ruanjian\Microsoft VS Code\bin;."/>
    <property name="java.vendor" value="Oracle Corporation"/>
    <property name="java.vm.info" value="mixed mode"/>
    <property name="java.vm.version" value="11.0.16+11-LTS-199"/>
    <property name="sun.io.unicode.encoding" value="UnicodeLittle"/>
    <property name="maven.repo.local" value="D:\maven\repository"/>
    <property name="java.class.version" value="55.0"/>
  </properties>
  <testcase name="test1" classname="UploadGradeServiceTest" time="0.085">
    <system-out><![CDATA[Logging initialized using 'class org.apache.ibatis.logging.stdout.StdOutImpl' adapter.
Find JAR URL: file:/C:/Users/putao/Desktop/school/target/classes/com/ecut/pojo
Not a JAR: file:/C:/Users/putao/Desktop/school/target/classes/com/ecut/pojo
Reader entry: Admin.class
Reader entry: Classes.class
Reader entry: ClassesSmall.class
Reader entry: Course.class
Reader entry: CourseScore.class
Reader entry: CourseSmall.class
Reader entry: Jobs.class
Reader entry: Lecture.class
Reader entry: Lost.class
Reader entry: Page.class
Reader entry: Score.class
Reader entry: SheTuan.class
Reader entry: SheTuanActivity.class
Reader entry: Student.class
Reader entry: StudentLogin.class
Reader entry: StudentSmall.class
Reader entry: Tcourse.class
Reader entry: Teacher.class
Reader entry: TeacherLogin.class
Reader entry: TeacherSmall.class
Listing file:/C:/Users/putao/Desktop/school/target/classes/com/ecut/pojo
Find JAR URL: file:/C:/Users/putao/Desktop/school/target/classes/com/ecut/pojo/Admin.class
Not a JAR: file:/C:/Users/putao/Desktop/school/target/classes/com/ecut/pojo/Admin.class
Reader entry: 漱壕&amp#0;&amp#0;&amp#0;4&amp#0;V	&amp#0;&amp#4;&amp#0;A	&amp#0;&amp#4;&amp#0;B	&amp#0;&amp#4;&amp#0;C&amp#7;&amp#0;D
Find JAR URL: file:/C:/Users/putao/Desktop/school/target/classes/com/ecut/pojo/Classes.class
Not a JAR: file:/C:/Users/putao/Desktop/school/target/classes/com/ecut/pojo/Classes.class
Reader entry: 漱壕&amp#0;&amp#0;&amp#0;4&amp#0;z	&amp#0;&amp#6;&amp#0;]	&amp#0;&amp#6;&amp#0;^	&amp#0;&amp#6;&amp#0;_	&amp#0;&amp#6;&amp#0;`	&amp#0;&amp#6;&amp#0;a&amp#7;&amp#0;b
Find JAR URL: file:/C:/Users/putao/Desktop/school/target/classes/com/ecut/pojo/ClassesSmall.class
Not a JAR: file:/C:/Users/putao/Desktop/school/target/classes/com/ecut/pojo/ClassesSmall.class
Reader entry: 漱壕&amp#0;&amp#0;&amp#0;4&amp#0;J	&amp#0;&amp#3;&amp#0;8	&amp#0;&amp#3;&amp#0;9&amp#7;&amp#0;:
Find JAR URL: file:/C:/Users/putao/Desktop/school/target/classes/com/ecut/pojo/Course.class
Not a JAR: file:/C:/Users/putao/Desktop/school/target/classes/com/ecut/pojo/Course.class
Reader entry: 漱壕&amp#0;&amp#0;&amp#0;4&amp#0;�	&amp#0;	&amp#0;}	&amp#0;	&amp#0;~	&amp#0;	&amp#0;	&amp#0;	&amp#0;�	&amp#0;	&amp#0;�	&amp#0;	&amp#0;�	&amp#0;	&amp#0;�	&amp#0;	&amp#0;�&amp#7;&amp#0;�
Find JAR URL: file:/C:/Users/putao/Desktop/school/target/classes/com/ecut/pojo/CourseScore.class
Not a JAR: file:/C:/Users/putao/Desktop/school/target/classes/com/ecut/pojo/CourseScore.class
Reader entry: 漱壕&amp#0;&amp#0;&amp#0;4&amp#0;t	&amp#0;&amp#6;&amp#0;W	&amp#0;&amp#6;&amp#0;X	&amp#0;&amp#6;&amp#0;Y	&amp#0;&amp#6;&amp#0;Z	&amp#0;&amp#6;&amp#0;[&amp#7;&amp#0;\
Find JAR URL: file:/C:/Users/putao/Desktop/school/target/classes/com/ecut/pojo/CourseSmall.class
Not a JAR: file:/C:/Users/putao/Desktop/school/target/classes/com/ecut/pojo/CourseSmall.class
Reader entry: 漱壕&amp#0;&amp#0;&amp#0;4&amp#0;J	&amp#0;&amp#3;&amp#0;8	&amp#0;&amp#3;&amp#0;9&amp#7;&amp#0;:
Find JAR URL: file:/C:/Users/putao/Desktop/school/target/classes/com/ecut/pojo/Jobs.class
Not a JAR: file:/C:/Users/putao/Desktop/school/target/classes/com/ecut/pojo/Jobs.class
Reader entry: 漱壕&amp#0;&amp#0;&amp#0;4&amp#0;�	&amp#0;&amp#7;&amp#0;`	&amp#0;&amp#7;&amp#0;a	&amp#0;&amp#7;&amp#0;b	&amp#0;&amp#7;&amp#0;c	&amp#0;&amp#7;&amp#0;d	&amp#0;&amp#7;&amp#0;e&amp#7;&amp#0;f
Find JAR URL: file:/C:/Users/putao/Desktop/school/target/classes/com/ecut/pojo/Lecture.class
Not a JAR: file:/C:/Users/putao/Desktop/school/target/classes/com/ecut/pojo/Lecture.class
Reader entry: 漱壕&amp#0;&amp#0;&amp#0;4&amp#0;�	&amp#0;&amp#7;&amp#0;c	&amp#0;&amp#7;&amp#0;d	&amp#0;&amp#7;&amp#0;e	&amp#0;&amp#7;&amp#0;f	&amp#0;&amp#7;&amp#0;g	&amp#0;&amp#7;&amp#0;h&amp#7;&amp#0;i
Find JAR URL: file:/C:/Users/putao/Desktop/school/target/classes/com/ecut/pojo/Lost.class
Not a JAR: file:/C:/Users/putao/Desktop/school/target/classes/com/ecut/pojo/Lost.class
Reader entry: 漱壕&amp#0;&amp#0;&amp#0;4&amp#0;&amp#26;
Find JAR URL: file:/C:/Users/putao/Desktop/school/target/classes/com/ecut/pojo/Page.class
Not a JAR: file:/C:/Users/putao/Desktop/school/target/classes/com/ecut/pojo/Page.class
Reader entry: 漱壕&amp#0;&amp#0;&amp#0;4&amp#0;<
Find JAR URL: file:/C:/Users/putao/Desktop/school/target/classes/com/ecut/pojo/Score.class
Not a JAR: file:/C:/Users/putao/Desktop/school/target/classes/com/ecut/pojo/Score.class
Reader entry: 漱壕&amp#0;&amp#0;&amp#0;4&amp#0;\	&amp#0;&amp#4;&amp#0;E	&amp#0;&amp#4;&amp#0;F	&amp#0;&amp#4;&amp#0;G&amp#7;&amp#0;H
Find JAR URL: file:/C:/Users/putao/Desktop/school/target/classes/com/ecut/pojo/SheTuan.class
Not a JAR: file:/C:/Users/putao/Desktop/school/target/classes/com/ecut/pojo/SheTuan.class
Reader entry: 漱壕&amp#0;&amp#0;&amp#0;4&amp#0;e	&amp#0;&amp#4;&amp#0;N	&amp#0;&amp#4;&amp#0;O	&amp#0;&amp#4;&amp#0;P&amp#7;&amp#0;Q
Find JAR URL: file:/C:/Users/putao/Desktop/school/target/classes/com/ecut/pojo/SheTuanActivity.class
Not a JAR: file:/C:/Users/putao/Desktop/school/target/classes/com/ecut/pojo/SheTuanActivity.class
Reader entry: 漱壕&amp#0;&amp#0;&amp#0;4&amp#0;�	&amp#0;&amp#7;&amp#0;c	&amp#0;&amp#7;&amp#0;d	&amp#0;&amp#7;&amp#0;e	&amp#0;&amp#7;&amp#0;f	&amp#0;&amp#7;&amp#0;g	&amp#0;&amp#7;&amp#0;h&amp#7;&amp#0;i
Find JAR URL: file:/C:/Users/putao/Desktop/school/target/classes/com/ecut/pojo/Student.class
Not a JAR: file:/C:/Users/putao/Desktop/school/target/classes/com/ecut/pojo/Student.class
Reader entry: 漱壕&amp#0;&amp#0;&amp#0;4&amp#0;�	&amp#0;&amp#11;&amp#0;�	&amp#0;&amp#11;&amp#0;�	&amp#0;&amp#11;&amp#0;�	&amp#0;&amp#11;&amp#0;�	&amp#0;&amp#11;&amp#0;�	&amp#0;&amp#11;&amp#0;�	&amp#0;&amp#11;&amp#0;�	&amp#0;&amp#11;&amp#0;�	&amp#0;&amp#11;&amp#0;�	&amp#0;&amp#11;&amp#0;�&amp#7;&amp#0;�
Find JAR URL: file:/C:/Users/putao/Desktop/school/target/classes/com/ecut/pojo/StudentLogin.class
Not a JAR: file:/C:/Users/putao/Desktop/school/target/classes/com/ecut/pojo/StudentLogin.class
Reader entry: 漱壕&amp#0;&amp#0;&amp#0;4&amp#0;J	&amp#0;&amp#3;&amp#0;8	&amp#0;&amp#3;&amp#0;9&amp#7;&amp#0;:
Find JAR URL: file:/C:/Users/putao/Desktop/school/target/classes/com/ecut/pojo/StudentSmall.class
Not a JAR: file:/C:/Users/putao/Desktop/school/target/classes/com/ecut/pojo/StudentSmall.class
Reader entry: 漱壕&amp#0;&amp#0;&amp#0;4&amp#0;J	&amp#0;&amp#3;&amp#0;8	&amp#0;&amp#3;&amp#0;9&amp#7;&amp#0;:
Find JAR URL: file:/C:/Users/putao/Desktop/school/target/classes/com/ecut/pojo/Tcourse.class
Not a JAR: file:/C:/Users/putao/Desktop/school/target/classes/com/ecut/pojo/Tcourse.class
Reader entry: 漱壕&amp#0;&amp#0;&amp#0;4&amp#0;J	&amp#0;&amp#3;&amp#0;8	&amp#0;&amp#3;&amp#0;9&amp#7;&amp#0;:
Find JAR URL: file:/C:/Users/putao/Desktop/school/target/classes/com/ecut/pojo/Teacher.class
Not a JAR: file:/C:/Users/putao/Desktop/school/target/classes/com/ecut/pojo/Teacher.class
Reader entry: 漱壕&amp#0;&amp#0;&amp#0;4&amp#0;�	&amp#0;	&amp#0;z	&amp#0;	&amp#0;{	&amp#0;	&amp#0;|	&amp#0;	&amp#0;}	&amp#0;	&amp#0;~	&amp#0;	&amp#0;	&amp#0;	&amp#0;�	&amp#0;	&amp#0;�&amp#7;&amp#0;�
Find JAR URL: file:/C:/Users/putao/Desktop/school/target/classes/com/ecut/pojo/TeacherLogin.class
Not a JAR: file:/C:/Users/putao/Desktop/school/target/classes/com/ecut/pojo/TeacherLogin.class
Reader entry: 漱壕&amp#0;&amp#0;&amp#0;4&amp#0;J	&amp#0;&amp#3;&amp#0;8	&amp#0;&amp#3;&amp#0;9&amp#7;&amp#0;:
Find JAR URL: file:/C:/Users/putao/Desktop/school/target/classes/com/ecut/pojo/TeacherSmall.class
Not a JAR: file:/C:/Users/putao/Desktop/school/target/classes/com/ecut/pojo/TeacherSmall.class
Reader entry: 漱壕&amp#0;&amp#0;&amp#0;4&amp#0;J	&amp#0;&amp#3;&amp#0;8	&amp#0;&amp#3;&amp#0;9&amp#7;&amp#0;:
Checking to see if class com.ecut.pojo.Admin matches criteria [is assignable to Object]
Checking to see if class com.ecut.pojo.Classes matches criteria [is assignable to Object]
Checking to see if class com.ecut.pojo.ClassesSmall matches criteria [is assignable to Object]
Checking to see if class com.ecut.pojo.Course matches criteria [is assignable to Object]
Checking to see if class com.ecut.pojo.CourseScore matches criteria [is assignable to Object]
Checking to see if class com.ecut.pojo.CourseSmall matches criteria [is assignable to Object]
Checking to see if class com.ecut.pojo.Jobs matches criteria [is assignable to Object]
Checking to see if class com.ecut.pojo.Lecture matches criteria [is assignable to Object]
Checking to see if class com.ecut.pojo.Lost matches criteria [is assignable to Object]
Checking to see if class com.ecut.pojo.Page matches criteria [is assignable to Object]
Checking to see if class com.ecut.pojo.Score matches criteria [is assignable to Object]
Checking to see if class com.ecut.pojo.SheTuan matches criteria [is assignable to Object]
Checking to see if class com.ecut.pojo.SheTuanActivity matches criteria [is assignable to Object]
Checking to see if class com.ecut.pojo.Student matches criteria [is assignable to Object]
Checking to see if class com.ecut.pojo.StudentLogin matches criteria [is assignable to Object]
Checking to see if class com.ecut.pojo.StudentSmall matches criteria [is assignable to Object]
Checking to see if class com.ecut.pojo.Tcourse matches criteria [is assignable to Object]
Checking to see if class com.ecut.pojo.Teacher matches criteria [is assignable to Object]
Checking to see if class com.ecut.pojo.TeacherLogin matches criteria [is assignable to Object]
Checking to see if class com.ecut.pojo.TeacherSmall matches criteria [is assignable to Object]
Creating a new SqlSession
SqlSession [org.apache.ibatis.session.defaults.DefaultSqlSession@6ca8fcf3] was not registered for synchronization because synchronization is not active
JDBC Connection [com.mchange.v2.c3p0.impl.NewProxyConnection@1d408060 [wrapping: com.mysql.cj.jdbc.ConnectionImpl@68a78f3c]] will not be managed by Spring
==>  Preparing: select stu.student_name studentName,stu.student_gender studentGender,stu.student_id studentId,stu.student_class_id studentClassId,c.course_id course_id,c.course_name course_name,c.course_teacher courseTeacher from student stu,score sco,course c where stu.student_id=sco.student_id and sco.course_id=c.course_id and c.course_id=?
==> Parameters: 0tuyXiqw(String)
<==      Total: 0
Closing non transactional SqlSession [org.apache.ibatis.session.defaults.DefaultSqlSession@6ca8fcf3]
null
]]></system-out>
    <system-err><![CDATA[5月 13, 2023 8:23:24 下午 com.mchange.v2.c3p0.impl.AbstractPoolBackedDataSource 
信息: Initializing c3p0 pool... com.mchange.v2.c3p0.ComboPooledDataSource [ acquireIncrement -> 3, acquireRetryAttempts -> 2, acquireRetryDelay -> 1000, autoCommitOnClose -> false, automaticTestTable -> null, breakAfterAcquireFailure -> false, checkoutTimeout -> 10000, connectionCustomizerClassName -> null, connectionTesterClassName -> com.mchange.v2.c3p0.impl.DefaultConnectionTester, contextClassLoaderSource -> caller, dataSourceName -> 2rywneaw5uf1ka1ey5bek|35ee466f, debugUnreturnedConnectionStackTraces -> false, description -> null, driverClass -> com.mysql.cj.jdbc.Driver, extensions -> {}, factoryClassLocation -> null, forceIgnoreUnresolvedTransactions -> false, forceSynchronousCheckins -> false, forceUseNamedDriverClass -> false, identityToken -> 2rywneaw5uf1ka1ey5bek|35ee466f, idleConnectionTestPeriod -> 0, initialPoolSize -> 3, jdbcUrl -> jdbc:mysql://localhost:3306/school?serverTimezone=Asia/Shanghai&useSSL=true&useUnicode=true&characterEncoding=UTF-8&allowMultiQueries=true, maxAdministrativeTaskTime -> 0, maxConnectionAge -> 0, maxIdleTime -> 0, maxIdleTimeExcessConnections -> 0, maxPoolSize -> 30, maxStatements -> 0, maxStatementsPerConnection -> 0, minPoolSize -> 10, numHelperThreads -> 3, preferredTestQuery -> null, privilegeSpawnedThreads -> false, properties -> {password=******, user=******}, propertyCycle -> 0, statementCacheNumDeferredCloseThreads -> 0, testConnectionOnCheckin -> false, testConnectionOnCheckout -> false, unreturnedConnectionTimeout -> 0, userOverrides -> {}, usesTraditionalReflectiveProxies -> false ]
5月 13, 2023 8:23:24 下午 com.mchange.v2.resourcepool.BasicResourcePool 
警告: Bad pool size config, start 3 < min 10. Using 10 as start.
]]></system-err>
  </testcase>
  <testcase name="test2" classname="UploadGradeServiceTest" time="0.161">
    <system-out><![CDATA[Logging initialized using 'class org.apache.ibatis.logging.stdout.StdOutImpl' adapter.
Find JAR URL: file:/C:/Users/putao/Desktop/school/target/classes/com/ecut/pojo
Not a JAR: file:/C:/Users/putao/Desktop/school/target/classes/com/ecut/pojo
Reader entry: Admin.class
Reader entry: Classes.class
Reader entry: ClassesSmall.class
Reader entry: Course.class
Reader entry: CourseScore.class
Reader entry: CourseSmall.class
Reader entry: Jobs.class
Reader entry: Lecture.class
Reader entry: Lost.class
Reader entry: Page.class
Reader entry: Score.class
Reader entry: SheTuan.class
Reader entry: SheTuanActivity.class
Reader entry: Student.class
Reader entry: StudentLogin.class
Reader entry: StudentSmall.class
Reader entry: Tcourse.class
Reader entry: Teacher.class
Reader entry: TeacherLogin.class
Reader entry: TeacherSmall.class
Listing file:/C:/Users/putao/Desktop/school/target/classes/com/ecut/pojo
Find JAR URL: file:/C:/Users/putao/Desktop/school/target/classes/com/ecut/pojo/Admin.class
Not a JAR: file:/C:/Users/putao/Desktop/school/target/classes/com/ecut/pojo/Admin.class
Reader entry: 漱壕&amp#0;&amp#0;&amp#0;4&amp#0;V	&amp#0;&amp#4;&amp#0;A	&amp#0;&amp#4;&amp#0;B	&amp#0;&amp#4;&amp#0;C&amp#7;&amp#0;D
Find JAR URL: file:/C:/Users/putao/Desktop/school/target/classes/com/ecut/pojo/Classes.class
Not a JAR: file:/C:/Users/putao/Desktop/school/target/classes/com/ecut/pojo/Classes.class
Reader entry: 漱壕&amp#0;&amp#0;&amp#0;4&amp#0;z	&amp#0;&amp#6;&amp#0;]	&amp#0;&amp#6;&amp#0;^	&amp#0;&amp#6;&amp#0;_	&amp#0;&amp#6;&amp#0;`	&amp#0;&amp#6;&amp#0;a&amp#7;&amp#0;b
Find JAR URL: file:/C:/Users/putao/Desktop/school/target/classes/com/ecut/pojo/ClassesSmall.class
Not a JAR: file:/C:/Users/putao/Desktop/school/target/classes/com/ecut/pojo/ClassesSmall.class
Reader entry: 漱壕&amp#0;&amp#0;&amp#0;4&amp#0;J	&amp#0;&amp#3;&amp#0;8	&amp#0;&amp#3;&amp#0;9&amp#7;&amp#0;:
Find JAR URL: file:/C:/Users/putao/Desktop/school/target/classes/com/ecut/pojo/Course.class
Not a JAR: file:/C:/Users/putao/Desktop/school/target/classes/com/ecut/pojo/Course.class
Reader entry: 漱壕&amp#0;&amp#0;&amp#0;4&amp#0;�	&amp#0;	&amp#0;}	&amp#0;	&amp#0;~	&amp#0;	&amp#0;	&amp#0;	&amp#0;�	&amp#0;	&amp#0;�	&amp#0;	&amp#0;�	&amp#0;	&amp#0;�	&amp#0;	&amp#0;�&amp#7;&amp#0;�
Find JAR URL: file:/C:/Users/putao/Desktop/school/target/classes/com/ecut/pojo/CourseScore.class
Not a JAR: file:/C:/Users/putao/Desktop/school/target/classes/com/ecut/pojo/CourseScore.class
Reader entry: 漱壕&amp#0;&amp#0;&amp#0;4&amp#0;t	&amp#0;&amp#6;&amp#0;W	&amp#0;&amp#6;&amp#0;X	&amp#0;&amp#6;&amp#0;Y	&amp#0;&amp#6;&amp#0;Z	&amp#0;&amp#6;&amp#0;[&amp#7;&amp#0;\
Find JAR URL: file:/C:/Users/putao/Desktop/school/target/classes/com/ecut/pojo/CourseSmall.class
Not a JAR: file:/C:/Users/putao/Desktop/school/target/classes/com/ecut/pojo/CourseSmall.class
Reader entry: 漱壕&amp#0;&amp#0;&amp#0;4&amp#0;J	&amp#0;&amp#3;&amp#0;8	&amp#0;&amp#3;&amp#0;9&amp#7;&amp#0;:
Find JAR URL: file:/C:/Users/putao/Desktop/school/target/classes/com/ecut/pojo/Jobs.class
Not a JAR: file:/C:/Users/putao/Desktop/school/target/classes/com/ecut/pojo/Jobs.class
Reader entry: 漱壕&amp#0;&amp#0;&amp#0;4&amp#0;�	&amp#0;&amp#7;&amp#0;`	&amp#0;&amp#7;&amp#0;a	&amp#0;&amp#7;&amp#0;b	&amp#0;&amp#7;&amp#0;c	&amp#0;&amp#7;&amp#0;d	&amp#0;&amp#7;&amp#0;e&amp#7;&amp#0;f
Find JAR URL: file:/C:/Users/putao/Desktop/school/target/classes/com/ecut/pojo/Lecture.class
Not a JAR: file:/C:/Users/putao/Desktop/school/target/classes/com/ecut/pojo/Lecture.class
Reader entry: 漱壕&amp#0;&amp#0;&amp#0;4&amp#0;�	&amp#0;&amp#7;&amp#0;c	&amp#0;&amp#7;&amp#0;d	&amp#0;&amp#7;&amp#0;e	&amp#0;&amp#7;&amp#0;f	&amp#0;&amp#7;&amp#0;g	&amp#0;&amp#7;&amp#0;h&amp#7;&amp#0;i
Find JAR URL: file:/C:/Users/putao/Desktop/school/target/classes/com/ecut/pojo/Lost.class
Not a JAR: file:/C:/Users/putao/Desktop/school/target/classes/com/ecut/pojo/Lost.class
Reader entry: 漱壕&amp#0;&amp#0;&amp#0;4&amp#0;&amp#26;
Find JAR URL: file:/C:/Users/putao/Desktop/school/target/classes/com/ecut/pojo/Page.class
Not a JAR: file:/C:/Users/putao/Desktop/school/target/classes/com/ecut/pojo/Page.class
Reader entry: 漱壕&amp#0;&amp#0;&amp#0;4&amp#0;<
Find JAR URL: file:/C:/Users/putao/Desktop/school/target/classes/com/ecut/pojo/Score.class
Not a JAR: file:/C:/Users/putao/Desktop/school/target/classes/com/ecut/pojo/Score.class
Reader entry: 漱壕&amp#0;&amp#0;&amp#0;4&amp#0;\	&amp#0;&amp#4;&amp#0;E	&amp#0;&amp#4;&amp#0;F	&amp#0;&amp#4;&amp#0;G&amp#7;&amp#0;H
Find JAR URL: file:/C:/Users/putao/Desktop/school/target/classes/com/ecut/pojo/SheTuan.class
Not a JAR: file:/C:/Users/putao/Desktop/school/target/classes/com/ecut/pojo/SheTuan.class
Reader entry: 漱壕&amp#0;&amp#0;&amp#0;4&amp#0;e	&amp#0;&amp#4;&amp#0;N	&amp#0;&amp#4;&amp#0;O	&amp#0;&amp#4;&amp#0;P&amp#7;&amp#0;Q
Find JAR URL: file:/C:/Users/putao/Desktop/school/target/classes/com/ecut/pojo/SheTuanActivity.class
Not a JAR: file:/C:/Users/putao/Desktop/school/target/classes/com/ecut/pojo/SheTuanActivity.class
Reader entry: 漱壕&amp#0;&amp#0;&amp#0;4&amp#0;�	&amp#0;&amp#7;&amp#0;c	&amp#0;&amp#7;&amp#0;d	&amp#0;&amp#7;&amp#0;e	&amp#0;&amp#7;&amp#0;f	&amp#0;&amp#7;&amp#0;g	&amp#0;&amp#7;&amp#0;h&amp#7;&amp#0;i
Find JAR URL: file:/C:/Users/putao/Desktop/school/target/classes/com/ecut/pojo/Student.class
Not a JAR: file:/C:/Users/putao/Desktop/school/target/classes/com/ecut/pojo/Student.class
Reader entry: 漱壕&amp#0;&amp#0;&amp#0;4&amp#0;�	&amp#0;&amp#11;&amp#0;�	&amp#0;&amp#11;&amp#0;�	&amp#0;&amp#11;&amp#0;�	&amp#0;&amp#11;&amp#0;�	&amp#0;&amp#11;&amp#0;�	&amp#0;&amp#11;&amp#0;�	&amp#0;&amp#11;&amp#0;�	&amp#0;&amp#11;&amp#0;�	&amp#0;&amp#11;&amp#0;�	&amp#0;&amp#11;&amp#0;�&amp#7;&amp#0;�
Find JAR URL: file:/C:/Users/putao/Desktop/school/target/classes/com/ecut/pojo/StudentLogin.class
Not a JAR: file:/C:/Users/putao/Desktop/school/target/classes/com/ecut/pojo/StudentLogin.class
Reader entry: 漱壕&amp#0;&amp#0;&amp#0;4&amp#0;J	&amp#0;&amp#3;&amp#0;8	&amp#0;&amp#3;&amp#0;9&amp#7;&amp#0;:
Find JAR URL: file:/C:/Users/putao/Desktop/school/target/classes/com/ecut/pojo/StudentSmall.class
Not a JAR: file:/C:/Users/putao/Desktop/school/target/classes/com/ecut/pojo/StudentSmall.class
Reader entry: 漱壕&amp#0;&amp#0;&amp#0;4&amp#0;J	&amp#0;&amp#3;&amp#0;8	&amp#0;&amp#3;&amp#0;9&amp#7;&amp#0;:
Find JAR URL: file:/C:/Users/putao/Desktop/school/target/classes/com/ecut/pojo/Tcourse.class
Not a JAR: file:/C:/Users/putao/Desktop/school/target/classes/com/ecut/pojo/Tcourse.class
Reader entry: 漱壕&amp#0;&amp#0;&amp#0;4&amp#0;J	&amp#0;&amp#3;&amp#0;8	&amp#0;&amp#3;&amp#0;9&amp#7;&amp#0;:
Find JAR URL: file:/C:/Users/putao/Desktop/school/target/classes/com/ecut/pojo/Teacher.class
Not a JAR: file:/C:/Users/putao/Desktop/school/target/classes/com/ecut/pojo/Teacher.class
Reader entry: 漱壕&amp#0;&amp#0;&amp#0;4&amp#0;�	&amp#0;	&amp#0;z	&amp#0;	&amp#0;{	&amp#0;	&amp#0;|	&amp#0;	&amp#0;}	&amp#0;	&amp#0;~	&amp#0;	&amp#0;	&amp#0;	&amp#0;�	&amp#0;	&amp#0;�&amp#7;&amp#0;�
Find JAR URL: file:/C:/Users/putao/Desktop/school/target/classes/com/ecut/pojo/TeacherLogin.class
Not a JAR: file:/C:/Users/putao/Desktop/school/target/classes/com/ecut/pojo/TeacherLogin.class
Reader entry: 漱壕&amp#0;&amp#0;&amp#0;4&amp#0;J	&amp#0;&amp#3;&amp#0;8	&amp#0;&amp#3;&amp#0;9&amp#7;&amp#0;:
Find JAR URL: file:/C:/Users/putao/Desktop/school/target/classes/com/ecut/pojo/TeacherSmall.class
Not a JAR: file:/C:/Users/putao/Desktop/school/target/classes/com/ecut/pojo/TeacherSmall.class
Reader entry: 漱壕&amp#0;&amp#0;&amp#0;4&amp#0;J	&amp#0;&amp#3;&amp#0;8	&amp#0;&amp#3;&amp#0;9&amp#7;&amp#0;:
Checking to see if class com.ecut.pojo.Admin matches criteria [is assignable to Object]
Checking to see if class com.ecut.pojo.Classes matches criteria [is assignable to Object]
Checking to see if class com.ecut.pojo.ClassesSmall matches criteria [is assignable to Object]
Checking to see if class com.ecut.pojo.Course matches criteria [is assignable to Object]
Checking to see if class com.ecut.pojo.CourseScore matches criteria [is assignable to Object]
Checking to see if class com.ecut.pojo.CourseSmall matches criteria [is assignable to Object]
Checking to see if class com.ecut.pojo.Jobs matches criteria [is assignable to Object]
Checking to see if class com.ecut.pojo.Lecture matches criteria [is assignable to Object]
Checking to see if class com.ecut.pojo.Lost matches criteria [is assignable to Object]
Checking to see if class com.ecut.pojo.Page matches criteria [is assignable to Object]
Checking to see if class com.ecut.pojo.Score matches criteria [is assignable to Object]
Checking to see if class com.ecut.pojo.SheTuan matches criteria [is assignable to Object]
Checking to see if class com.ecut.pojo.SheTuanActivity matches criteria [is assignable to Object]
Checking to see if class com.ecut.pojo.Student matches criteria [is assignable to Object]
Checking to see if class com.ecut.pojo.StudentLogin matches criteria [is assignable to Object]
Checking to see if class com.ecut.pojo.StudentSmall matches criteria [is assignable to Object]
Checking to see if class com.ecut.pojo.Tcourse matches criteria [is assignable to Object]
Checking to see if class com.ecut.pojo.Teacher matches criteria [is assignable to Object]
Checking to see if class com.ecut.pojo.TeacherLogin matches criteria [is assignable to Object]
Checking to see if class com.ecut.pojo.TeacherSmall matches criteria [is assignable to Object]
]]></system-out>
  </testcase>
</testsuite>